make.exe all --print-data-base --no-builtin-variables --no-builtin-rules --question
make.exe: *** No rule to make target 'all'.  Stop.

# GNU Make 4.2.1
# Built for Windows32
# Copyright (C) 1988-2016 Free Software Foundation, Inc.
# License GPLv3+: GNU GPL version 3 or later <http://gnu.org/licenses/gpl.html>
# This is free software: you are free to change and redistribute it.
# There is NO WARRANTY, to the extent permitted by law.

# Make data base, printed on Sat Jun 04 23:31:19 2022

# Variables

# 'override' directive
GNUMAKEFLAGS := 
# automatic
<D = $(patsubst %/,%,$(patsubst %\,%,$(dir $<)))
# automatic
?F = $(notdir $?)
# environment
OPENNI2_INCLUDE64 = C:\Program Files\OpenNI2\Include\
# default
.SHELLFLAGS := -c
# makefile
MAKEFLAGS = pqrR
# environment
LC_CTYPE = ru_RU.UTF-8
# environment
VSCODE_LOG_NATIVE = false
# automatic
?D = $(patsubst %/,%,$(patsubst %\,%,$(dir $?)))
# environment
NODEJS = C:\Program Files\nodejs
# automatic
@D = $(patsubst %/,%,$(patsubst %\,%,$(dir $@)))
# environment
HOMEDRIVE = C:
# automatic
@F = $(notdir $@)
# automatic
^D = $(patsubst %/,%,$(patsubst %\,%,$(dir $^)))
# makefile
CURDIR := c:/Users/sulpak/Desktop/learning/other/vertex/cron-parser
# makefile
SHELL = C:/Program Files/Git/usr/bin/sh.exe
# environment
CONFIG_SITE = C:/Program Files/Git/etc/config.site
# environment
WINDIR = C:\WINDOWS
# environment
VSCODE_NLS_CONFIG = {"locale":"ru","availableLanguages":{},"_languagePackSupport":true}
# environment
VBOX_MSI_INSTALL_PATH = C:\Program Files\Oracle\VirtualBox\
# environment
SSH_ASKPASS = C:/Program Files/Git/mingw64/bin/git-askpass.exe
# environment
ONEDRIVE = C:\Users\sulpak\OneDrive
# environment
PATHEXT = .COM;.EXE;.BAT;.CMD;.VBS;.VBE;.JS;.JSE;.WSF;.WSH;.MSC
# makefile (from 'Makefile', line 1)
MAKEFILE_LIST :=  Makefile
# environment
TMP = C:\Users\sulpak\AppData\Local\Temp
# environment
OPENNI2_LIB64 = C:\Program Files\OpenNI2\Lib\
# environment
VSCODE_VERBOSE_LOGGING = true
# environment
PROGRAMW6432 = C:\Program Files
# environment
INFOPATH = C:\Program Files\Git\usr\local\info;C:\Program Files\Git\usr\share\info;C:\Program Files\Git\usr\info;C:\Program Files\Git\share\info
# environment
PROGRAMDATA = C:\ProgramData
# environment
MSYSTEM_CHOST = x86_64-w64-mingw32
# environment
VSCODE_IPC_HOOK_EXTHOST = \\.\pipe\vscode-ipc-d0dd4d59-a0c6-415e-8cf9-5098d2c79e49-sock
# environment
VSCODE_CWD = C:\Users\sulpak\Desktop\learning\other\vertex\cron-parser
# default
MAKE_HOST := Windows32
# environment
PATH = C:\Users\sulpak\bin;C:\Program Files\Git\mingw64\bin;C:\Program Files\Git\usr\local\bin;C:\Program Files\Git\usr\bin;C:\Program Files\Git\usr\bin;C:\Program Files\Git\mingw64\bin;C:\Program Files\Git\usr\bin;C:\Users\sulpak\bin;C:\Program Files (x86)\Common Files\Intel\Shared Libraries\redist\intel64\compiler;C:\Program Files (x86)\Common Files\Oracle\Java\javapath;C:\Program Files\AdoptOpenJDK\jdk-8.0.212.03-openj9\bin;C:\Windows\system32;C:\Windows;C:\Windows\System32\Wbem;C:\Windows\System32\WindowsPowerShell\v1.0;C:\Windows\System32\OpenSSH;C:\Program Files\Intel\WiFi\bin;C:\Program Files\Common Files\Intel\WirelessCommon;C:\WINDOWS\system32;C:\WINDOWS;C:\WINDOWS\System32\Wbem;C:\WINDOWS\System32\WindowsPowerShell\v1.0;C:\WINDOWS\System32\OpenSSH;C:\Program Files\Microsoft SQL Server\130\Tools\Binn;C:\Program Files\Microsoft SQL Server\Client SDK\ODBC\170\Tools\Binn;C:\Program Files (x86)\Microsoft SQL Server\150\Tools\Binn;C:\Program Files\Microsoft SQL Server\150\Tools\Binn;C:\Program Files\Microsoft SQL Server\150\DTS\Binn;C:\Program Files\Microsoft Visual Studio 16.7.0\VC\bin;C:\Program Files\Git\cmd;C:\Program Files\Go\bin;C:\Program Files\nodejs;C:\Program Files\PostgreSQL\14\bin;C:\Program Files\Docker\Docker\resources\bin;C:\ProgramData\DockerDesktop\version-bin;C:\Program Files\Conan\conan;C:\Users\sulpak\AppData\Local\Programs\Python\Python39\Scripts;C:\Users\sulpak\AppData\Local\Programs\Python\Python39;C:\Program Files\MySQL\MySQL Shell 8.0\bin;C:\Users\sulpak\AppData\Local\Microsoft\WindowsApps;C:\Program Files\JetBrains\IntelliJ IDEA Community Edition 2019.3.1\bin;C:\Users\sulpak\Desktop\MinGW\bin;C:\Users\sulpak\AppData\Local\Programs\Microsoft VS Code\bin;C:\sqlite;C:\Program Files\Azure Data Studio\bin;C:\src\flutter\bin;C:\Program Files\CMake\bin;C:\Users\sulpak\go\bin;C:\Program Files\Graphviz\bin;C:\Users\sulpak\AppData\Local\nvs;C:\Users\sulpak\AppData\Roaming\npm;C:\Program Files\heroku\bin;C:\Program Files\Git\usr\bin\vendor_perl;C:\Program Files\Git\usr\bin\core_perl
# environment
COMMONPROGRAMW6432 = C:\Program Files\Common Files
# environment
TERM_PROGRAM_VERSION = 3.5.2
# environment
_ = C:/Users/sulpak/AppData/Local/Programs/Microsoft VS Code/Code.exe
# environment
LC_ALL = C
# environment
PROCESSOR_ARCHITECTURE = AMD64
# environment
USERPROFILE = C:\Users\sulpak
# environment
MSYSTEM_CARCH = x86_64
# environment
EXEPATH = C:\Program Files\Git
# environment
ALLUSERSPROFILE = C:\ProgramData
# environment
GOPATH = C:\Users\sulpak\go
# environment
PLINK_PROTOCOL = ssh
# environment
MSYSTEM_PREFIX = C:/Program Files/Git/mingw64
# environment
VSCODE_LOG_STACK = false
# environment
NUMBER_OF_PROCESSORS = 8
# environment
ELECTRON_RUN_AS_NODE = 1
# environment
ORIGINAL_TEMP = C:/Users/sulpak/AppData/Local/Temp
# default
.FEATURES := target-specific order-only second-expansion else-if shortest-stem undefine oneshell archives jobserver output-sync load
# automatic
%F = $(notdir $%)
# environment
DISPLAY = needs-to-be-defined
# environment
CHROME_CRASHPAD_PIPE_NAME = \\.\pipe\crashpad_29924_YBREEFOKGVOUVIDY
# environment
VSCODE_PIPE_LOGGING = true
# environment
ORIGINAL_PATH = C:\Program Files\Git\mingw64\bin;C:\Program Files\Git\usr\bin;C:\Users\sulpak\bin;C:\Program Files (x86)\Common Files\Intel\Shared Libraries\redist\intel64\compiler;C:\Program Files (x86)\Common Files\Oracle\Java\javapath;C:\Program Files\AdoptOpenJDK\jdk-8.0.212.03-openj9\bin;C:\Windows\system32;C:\Windows;C:\Windows\System32\Wbem;C:\Windows\System32\WindowsPowerShell\v1.0;C:\Windows\System32\OpenSSH;C:\Program Files\Intel\WiFi\bin;C:\Program Files\Common Files\Intel\WirelessCommon;C:\WINDOWS\system32;C:\WINDOWS;C:\WINDOWS\System32\Wbem;C:\WINDOWS\System32\WindowsPowerShell\v1.0;C:\WINDOWS\System32\OpenSSH;C:\Program Files\Microsoft SQL Server\130\Tools\Binn;C:\Program Files\Microsoft SQL Server\Client SDK\ODBC\170\Tools\Binn;C:\Program Files (x86)\Microsoft SQL Server\150\Tools\Binn;C:\Program Files\Microsoft SQL Server\150\Tools\Binn;C:\Program Files\Microsoft SQL Server\150\DTS\Binn;C:\Program Files\Microsoft Visual Studio 16.7.0\VC\bin;C:\Program Files\Git\cmd;C:\Program Files\Go\bin;C:\Program Files\nodejs;C:\Program Files\PostgreSQL\14\bin;C:\Program Files\Docker\Docker\resources\bin;C:\ProgramData\DockerDesktop\version-bin;C:\Program Files\Conan\conan;C:\Users\sulpak\AppData\Local\Programs\Python\Python39\Scripts;C:\Users\sulpak\AppData\Local\Programs\Python\Python39;C:\Program Files\MySQL\MySQL Shell 8.0\bin;C:\Users\sulpak\AppData\Local\Microsoft\WindowsApps;C:\Program Files\JetBrains\IntelliJ IDEA Community Edition 2019.3.1\bin;C:\Users\sulpak\Desktop\MinGW\bin;C:\Users\sulpak\AppData\Local\Programs\Microsoft VS Code\bin;C:\sqlite;C:\Program Files\Azure Data Studio\bin;C:\src\flutter\bin;C:\Program Files\CMake\bin;C:\Users\sulpak\go\bin;C:\Program Files\Graphviz\bin;C:\Users\sulpak\AppData\Local\nvs;C:\Users\sulpak\AppData\Roaming\npm;C:\Program Files\heroku\bin
# environment
COMPUTERNAME = LAPTOP-NP5OB97T
# environment
PWD = C:/Users/sulpak/Desktop/learning/other/vertex/cron-parser
# environment
PROGRAMFILES = C:\Program Files
# default
.LOADED := 
# environment
DRIVERDATA = C:\Windows\System32\Drivers\DriverData
# environment
PKG_CONFIG_PATH = C:\Program Files\Git\mingw64\lib\pkgconfig;C:\Program Files\Git\mingw64\share\pkgconfig
# environment
ORIGINAL_XDG_CURRENT_DESKTOP = undefined
# environment
USERNAME = zhakshylyk
# environment
PUBLIC = C:\Users\Public
# environment
MANPATH = C:\Program Files\Git\mingw64\local\man;C:\Program Files\Git\mingw64\share\man;C:\Program Files\Git\usr\local\man;C:\Program Files\Git\usr\share\man;C:\Program Files\Git\usr\man;C:\Program Files\Git\share\man
# environment
VSCODE_AMD_ENTRYPOINT = vs/workbench/api/node/extensionHostProcess
# environment
HOME = C:\Users\sulpak
# environment
VSCODE_CLI = 1
# environment
VSCODE_CODE_CACHE_PATH = C:\Users\sulpak\AppData\Roaming\Code\CachedData\c3511e6c69bb39013c4a4b7b9566ec1ca73fc4d5
# environment
APPLICATION_INSIGHTS_NO_DIAGNOSTIC_CHANNEL = true
# environment
COMMONPROGRAMFILES = C:\Program Files\Common Files
# environment
LOGONSERVER = \\LAPTOP-NP5OB97T
# environment
VSCODE_HANDLES_UNCAUGHT_ERRORS = true
# environment
USERDOMAIN = LAPTOP-NP5OB97T
# environment
HOSTNAME = LAPTOP-NP5OB97T
# environment
MIC_LD_LIBRARY_PATH = C:\Program Files (x86)\Common Files\Intel\Shared Libraries\compiler\lib\mic
# environment
MAKELEVEL := 0
# environment
INTELLIJ IDEA COMMUNITY EDITION = C:\Program Files\JetBrains\IntelliJ IDEA Community Edition 2019.3.1\bin;
# default
MAKE = $(MAKE_COMMAND)
# default
MAKECMDGOALS := all
# environment
SHLVL = 2
# environment
ACLOCAL_PATH = C:\Program Files\Git\mingw64\share\aclocal;C:\Program Files\Git\usr\share\aclocal
# default
MAKE_VERSION := 4.2.1
# environment
MINGW_CHOST = x86_64-w64-mingw32
# makefile
.DEFAULT_GOAL := cron-parser
# environment
PROGRAMFILES(X86) = C:\Program Files (x86)
# automatic
%D = $(patsubst %/,%,$(patsubst %\,%,$(dir $%)))
# environment
LOCALAPPDATA = C:\Users\sulpak\AppData\Local
# environment
PSMODULEPATH = C:\Program Files\WindowsPowerShell\Modules;C:\WINDOWS\system32\WindowsPowerShell\v1.0\Modules;C:\Program Files (x86)\Microsoft SQL Server\150\Tools\PowerShell\Modules\
# default
MAKE_COMMAND := make.exe
# environment
OLDPWD = C:/Users/sulpak/Desktop/learning/other/vertex
# environment
TERM_PROGRAM = mintty
# default
.VARIABLES := 
# environment
TMPDIR = C:\Users\sulpak\AppData\Local\Temp
# automatic
*F = $(notdir $*)
# environment
PROCESSOR_IDENTIFIER = Intel64 Family 6 Model 142 Stepping 11, GenuineIntel
# environment
OS = Windows_NT
# environment
VSCODE_IPC_HOOK = \\.\pipe\02af185ea072093b000f0f8718da65aa-1.67.2-main-sock
# environment
HOMEPATH = \Users\sulpak
# environment
COMMONPROGRAMFILES(X86) = C:\Program Files (x86)\Common Files
# environment
PROMPT = $P$G
# environment
MFLAGS = -pqrR
# automatic
*D = $(patsubst %/,%,$(patsubst %\,%,$(dir $*)))
# environment
ORIGINAL_TMP = C:/Users/sulpak/AppData/Local/Temp
# environment
INTEL_DEV_REDIST = C:\Program Files (x86)\Common Files\Intel\Shared Libraries\
# environment
SYSTEMROOT = C:\WINDOWS
# automatic
+D = $(patsubst %/,%,$(patsubst %\,%,$(dir $+)))
# environment
MINGW_PREFIX = C:/Program Files/Git/mingw64
# automatic
+F = $(notdir $+)
# environment
APPDATA = C:\Users\sulpak\AppData\Roaming
# environment
TEMP = C:\Users\sulpak\AppData\Local\Temp
# environment
COMSPEC = C:\WINDOWS\system32\cmd.exe
# environment
MSYSTEM = MINGW64
# default
MAKEFILES := 
# automatic
<F = $(notdir $<)
# environment
ELECTRON_NO_ATTACH_CONSOLE = 1
# environment
OPENNI2_REDIST64 = C:\Program Files\OpenNI2\Redist\
# automatic
^F = $(notdir $^)
# default
SUFFIXES := 
# environment
SYSTEMDRIVE = C:
# environment
SESSIONNAME = Console
# environment
PROCESSOR_REVISION = 8e0b
# default
.INCLUDE_DIRS = .
# default
.RECIPEPREFIX := 
# environment
LANG = C
# environment
PROCESSOR_LEVEL = 6
# environment
TERM = xterm-256color
# environment
VSCODE_PID = 29924
# environment
MINGW_PACKAGE_PREFIX = mingw-w64-x86_64
# environment
USERDOMAIN_ROAMINGPROFILE = LAPTOP-NP5OB97T
# variable set hash-table stats:
# Load=132/1024=13%, Rehash=0, Collisions=22/154=14%

# Pattern-specific Variable Values

# No pattern-specific variable values.

# Directories

# . (key c:/Users/sulpak/Desktop/learning/other/vertex/cron-parser, mtime 1654363606): 11 files, no impossibilities.

# 11 files, no impossibilities in 1 directories.

# Implicit Rules

# No implicit rules.

# Files

cron-parser:
#  Implicit rule search has not been done.
#  Modification time never checked.
#  File has not been updated.
#  recipe to execute (from 'Makefile', line 2):
	g++ -o cron-parser main.cpp

# Not a target:
all:
#  Command line target.
#  Implicit rule search has been done.
#  File does not exist.
#  File has not been updated.

# Not a target:
Makefile:
#  Implicit rule search has been done.
#  Last modified 2022-06-04 23:25:59
#  File has been updated.
#  Successfully updated.

test:
#  Implicit rule search has not been done.
#  Modification time never checked.
#  File has not been updated.
#  recipe to execute (from 'Makefile', line 5):
	g++ -o test parser_test.cpp

# Not a target:
.DEFAULT:
#  Implicit rule search has not been done.
#  Modification time never checked.
#  File has not been updated.

clean:
#  Implicit rule search has not been done.
#  Modification time never checked.
#  File has not been updated.
#  recipe to execute (from 'Makefile', line 8):
	rm -rf cron-parser
	rm -rf test

# files hash-table stats:
# Load=7/1024=1%, Rehash=0, Collisions=0/17=0%
# VPATH Search Paths

# No 'vpath' search paths.

# No general ('VPATH' variable) search path.

# strcache buffers: 1 (0) / strings = 17 / storage = 146 B / avg = 8 B
# current buf: size = 8162 B / used = 146 B / count = 17 / avg = 8 B

# strcache performance: lookups = 24 / hit rate = 29%
# hash-table stats:
# Load=17/8192=0%, Rehash=0, Collisions=1/24=4%
# Finished Make data base on Sat Jun 04 23:31:19 2022

 
